2025-01-23 11:04:12 - INFO: Configuration loaded successfully from deployment_config.yaml
2025-01-23 11:04:12 - INFO: Starting deployment process
2025-01-23 11:04:12 - INFO: Starting step: Install Dependencies
2025-01-23 11:04:12 - INFO: Executing command: pip install -r requirements.txt
2025-01-23 11:04:13 - INFO: Command executed successfully: pip install -r requirements.txt
2025-01-23 11:04:13 - INFO: Command output: Requirement already satisfied: click==8.1.7 in c:\users\mhd18\appdata\local\programs\python\python311\lib\site-packages (from -r requirements.txt (line 1)) (8.1.7)
Requirement already satisfied: pyyaml==6.0.1 in c:\users\mhd18\appdata\local\programs\python\python311\lib\site-packages (from -r requirements.txt (line 2)) (6.0.1)
Requirement already satisfied: pytest==7.4.4 in c:\users\mhd18\appdata\local\programs\python\python311\lib\site-packages (from -r requirements.txt (line 3)) (7.4.4)
Requirement already satisfied: colorama in c:\users\mhd18\appdata\local\programs\python\python311\lib\site-packages (from click==8.1.7->-r requirements.txt (line 1)) (0.4.6)
Requirement already satisfied: iniconfig in c:\users\mhd18\appdata\local\programs\python\python311\lib\site-packages (from pytest==7.4.4->-r requirements.txt (line 3)) (2.0.0)
Requirement already satisfied: packaging in c:\users\mhd18\appdata\local\programs\python\python311\lib\site-packages (from pytest==7.4.4->-r requirements.txt (line 3)) (24.2)
Requirement already satisfied: pluggy<2.0,>=0.12 in c:\users\mhd18\appdata\local\programs\python\python311\lib\site-packages (from pytest==7.4.4->-r requirements.txt (line 3)) (1.5.0)

2025-01-23 11:04:13 - INFO: Step 'Install Dependencies' completed: Requirement already satisfied: click==8.1.7 in c:\users\mhd18\appdata\local\programs\python\python311\lib\site-packages (from -r requirements.txt (line 1)) (8.1.7)
Requirement already satisfied: pyyaml==6.0.1 in c:\users\mhd18\appdata\local\programs\python\python311\lib\site-packages (from -r requirements.txt (line 2)) (6.0.1)
Requirement already satisfied: pytest==7.4.4 in c:\users\mhd18\appdata\local\programs\python\python311\lib\site-packages (from -r requirements.txt (line 3)) (7.4.4)
Requirement already satisfied: colorama in c:\users\mhd18\appdata\local\programs\python\python311\lib\site-packages (from click==8.1.7->-r requirements.txt (line 1)) (0.4.6)
Requirement already satisfied: iniconfig in c:\users\mhd18\appdata\local\programs\python\python311\lib\site-packages (from pytest==7.4.4->-r requirements.txt (line 3)) (2.0.0)
Requirement already satisfied: packaging in c:\users\mhd18\appdata\local\programs\python\python311\lib\site-packages (from pytest==7.4.4->-r requirements.txt (line 3)) (24.2)
Requirement already satisfied: pluggy<2.0,>=0.12 in c:\users\mhd18\appdata\local\programs\python\python311\lib\site-packages (from pytest==7.4.4->-r requirements.txt (line 3)) (1.5.0)

2025-01-23 11:04:13 - INFO: Starting step: Run Unit Tests
2025-01-23 11:04:13 - INFO: Executing command: python -m pytest tests/
2025-01-23 11:04:14 - INFO: Command executed successfully: python -m pytest tests/
2025-01-23 11:04:14 - INFO: Command output: ============================= test session starts =============================
platform win32 -- Python 3.11.9, pytest-7.4.4, pluggy-1.5.0
rootdir: C:\Users\mhd18\Downloads\Python\DeployMaster
collected 11 items

tests\test_config_parser.py ....                                         [ 36%]
tests\test_deploy.py .....                                               [ 81%]
tests\test_rollback.py ..                                                [100%]

============================= 11 passed in 0.12s ==============================

2025-01-23 11:04:14 - INFO: Step 'Run Unit Tests' completed: ============================= test session starts =============================
platform win32 -- Python 3.11.9, pytest-7.4.4, pluggy-1.5.0
rootdir: C:\Users\mhd18\Downloads\Python\DeployMaster
collected 11 items

tests\test_config_parser.py ....                                         [ 36%]
tests\test_deploy.py .....                                               [ 81%]
tests\test_rollback.py ..                                                [100%]

============================= 11 passed in 0.12s ==============================

2025-01-23 11:04:14 - INFO: Sending notification to devops@company.com
2025-01-23 11:04:14 - INFO: Notification message: Deployment successful
2025-01-23 11:04:14 - INFO: Notification sent successfully
2025-01-23 11:04:14 - INFO: Deployment completed successfully
